<?xml version="1.0" encoding="UTF-8"?>
<!-- Generated by org.testng.reporters.JUnitXMLReporter -->
<testsuite hostname="LAPTOP-D05NOKLT" ignored="0" name="Test" tests="4" failures="1" timestamp="2021-06-24T15:47:57 IDT" time="30.238" errors="0">
  <testcase name="loginFailure" time="3.291" classname="Tests.LoginTest"/>
  <testcase name="loginSucces" time="4.251" classname="Tests.LoginTest"/>
  <testcase name="searchAllForms" time="8.913" classname="Tests.ShowAllFormsTest">
    <failure type="java.lang.AssertionError" message="expected [true] but found [false]">
      <![CDATA[java.lang.AssertionError: expected [true] but found [false]
at Tests.ShowAllFormsTest.searchAllForms(ShowAllFormsTest.java:21)
at java.util.ArrayList.forEach(ArrayList.java:1259)
... Removed 37 stack frames]]>
    </failure>
  </testcase> <!-- searchAllForms -->
  <testcase name="forgotPasswordErrorMessage" time="1.444" classname="Tests.ForgotPasswordTest"/>
</testsuite> <!-- Test -->
