-------------------------------------------------------------------------------
Test set: TestSuite
-------------------------------------------------------------------------------
Tests run: 4, Failures: 1, Errors: 0, Skipped: 0, Time elapsed: 31.023 s <<< FAILURE! - in TestSuite
Tests.ShowAllFormsTest.searchAllForms  Time elapsed: 8.88 s  <<< FAILURE!
java.lang.AssertionError: expected [true] but found [false]
	at Tests.ShowAllFormsTest.searchAllForms(ShowAllFormsTest.java:21)

